<?xml version="1.0" encoding="UTF-8"?>
<testng-results ignored="0" total="2" passed="2" failed="0" skipped="0">
  <reporter-output>
  </reporter-output>
  <suite started-at="2025-03-07T13:18:22 IST" name="Master Suite" finished-at="2025-03-07T13:18:39 IST" duration-ms="16385">
    <groups>
      <group name="Master">
        <method signature="TC_001AccountRegistrationTest.verify_account_registration()[pri:0, instance:testCases.TC_001AccountRegistrationTest@37052337]" name="verify_account_registration" class="testCases.TC_001AccountRegistrationTest"/>
        <method signature="TC_002LoginTest.verify_test()[pri:0, instance:testCases.TC_002LoginTest@3d97a632]" name="verify_test" class="testCases.TC_002LoginTest"/>
      </group> <!-- Master -->
      <group name="Sanity">
        <method signature="TC_002LoginTest.verify_test()[pri:0, instance:testCases.TC_002LoginTest@3d97a632]" name="verify_test" class="testCases.TC_002LoginTest"/>
      </group> <!-- Sanity -->
      <group name="Regression">
        <method signature="TC_001AccountRegistrationTest.verify_account_registration()[pri:0, instance:testCases.TC_001AccountRegistrationTest@37052337]" name="verify_account_registration" class="testCases.TC_001AccountRegistrationTest"/>
      </group> <!-- Regression -->
    </groups>
    <test started-at="2025-03-07T13:18:22 IST" name="Test" finished-at="2025-03-07T13:18:39 IST" duration-ms="16385">
      <class name="testCases.TC_001AccountRegistrationTest">
        <test-method is-config="true" signature="setup(java.lang.String,java.lang.String)[pri:0, instance:testCases.TC_001AccountRegistrationTest@37052337]" started-at="2025-03-07T13:18:23 IST" name="setup" finished-at="2025-03-07T13:18:29 IST" duration-ms="6041" status="PASS">
          <params>
            <param index="0">
              <value>
                <![CDATA[Windows]]>
              </value>
            </param>
            <param index="1">
              <value>
                <![CDATA[chrome]]>
              </value>
            </param>
          </params>
          <reporter-output>
          </reporter-output>
        </test-method> <!-- setup -->
        <test-method signature="verify_account_registration()[pri:0, instance:testCases.TC_001AccountRegistrationTest@37052337]" started-at="2025-03-07T13:18:29 IST" name="verify_account_registration" finished-at="2025-03-07T13:18:32 IST" duration-ms="2734" status="PASS">
          <reporter-output>
          </reporter-output>
        </test-method> <!-- verify_account_registration -->
        <test-method is-config="true" signature="tearDown()[pri:0, instance:testCases.TC_001AccountRegistrationTest@37052337]" started-at="2025-03-07T13:18:32 IST" name="tearDown" finished-at="2025-03-07T13:18:33 IST" duration-ms="986" status="PASS">
          <reporter-output>
          </reporter-output>
        </test-method> <!-- tearDown -->
      </class> <!-- testCases.TC_001AccountRegistrationTest -->
      <class name="testCases.TC_002LoginTest">
        <test-method is-config="true" signature="setup(java.lang.String,java.lang.String)[pri:0, instance:testCases.TC_002LoginTest@3d97a632]" started-at="2025-03-07T13:18:33 IST" name="setup" finished-at="2025-03-07T13:18:36 IST" duration-ms="3809" status="PASS">
          <params>
            <param index="0">
              <value>
                <![CDATA[Windows]]>
              </value>
            </param>
            <param index="1">
              <value>
                <![CDATA[chrome]]>
              </value>
            </param>
          </params>
          <reporter-output>
          </reporter-output>
        </test-method> <!-- setup -->
        <test-method signature="verify_test()[pri:0, instance:testCases.TC_002LoginTest@3d97a632]" started-at="2025-03-07T13:18:36 IST" name="verify_test" finished-at="2025-03-07T13:18:39 IST" duration-ms="2088" status="PASS">
          <reporter-output>
          </reporter-output>
        </test-method> <!-- verify_test -->
        <test-method is-config="true" signature="tearDown()[pri:0, instance:testCases.TC_002LoginTest@3d97a632]" started-at="2025-03-07T13:18:39 IST" name="tearDown" finished-at="2025-03-07T13:18:39 IST" duration-ms="365" status="PASS">
          <reporter-output>
          </reporter-output>
        </test-method> <!-- tearDown -->
      </class> <!-- testCases.TC_002LoginTest -->
    </test> <!-- Test -->
  </suite> <!-- Master Suite -->
</testng-results>
