<?xml version="1.0" encoding="UTF-8"?>
<testsuite xmlns:xsi="http://www.w3.org/2001/XMLSchema-instance" xsi:noNamespaceSchemaLocation="https://maven.apache.org/surefire/maven-surefire-plugin/xsd/surefire-test-report.xsd" version="3.0.2" name="TestSuite" time="21.644" tests="2" errors="0" skipped="0" failures="0">
  <properties>
[...]
</properties>
  <testcase name="verify_account_registration" classname="testCases.TC_001AccountRegistrationTest" time="2.755">
    <system-out><![CDATA[2025-03-07T07:48:22.401684800Z main INFO Starting LoggerContext[name=70dea4e] with configuration XmlConfiguration[location=C:\shahebaz\Automation\OpencartV121\target\test-classes\log4j2.xml, lastModified=2024-12-30T12:26:15.809Z]...
2025-03-07T07:48:22.605952700Z main INFO Starting configuration XmlConfiguration[location=C:\shahebaz\Automation\OpencartV121\target\test-classes\log4j2.xml, lastModified=2024-12-30T12:26:15.809Z]...
2025-03-07T07:48:22.605952700Z main INFO Start watching for changes to C:\shahebaz\Automation\OpencartV121\target\test-classes\log4j2.xml every 0 seconds
2025-03-07T07:48:22.606989400Z main INFO Configuration XmlConfiguration[location=C:\shahebaz\Automation\OpencartV121\target\test-classes\log4j2.xml, lastModified=2024-12-30T12:26:15.809Z] started.
2025-03-07T07:48:22.606989400Z main INFO Stopping configuration DefaultConfiguration...
2025-03-07T07:48:22.609393100Z main INFO Configuration DefaultConfiguration stopped.
2025-03-07T07:48:22.609393100Z main INFO LoggerContext[name=70dea4e] started with configuration XmlConfiguration[location=C:\shahebaz\Automation\OpencartV121\target\test-classes\log4j2.xml, lastModified=2024-12-30T12:26:15.809Z].
]]></system-out>
    <system-err><![CDATA[Mar 07, 2025 1:18:27 PM org.openqa.selenium.devtools.CdpVersionFinder findNearestMatch
WARNING: Unable to find an exact match for CDP version 133, returning the closest version; found: 131; Please update to a Selenium version that supports CDP version 133
]]></system-err>
  </testcase>
  <testcase name="verify_test" classname="testCases.TC_002LoginTest" time="2.09">
    <system-err><![CDATA[Mar 07, 2025 1:18:35 PM org.openqa.selenium.devtools.CdpVersionFinder findNearestMatch
WARNING: Unable to find an exact match for CDP version 133, returning the closest version; found: 131; Please update to a Selenium version that supports CDP version 133
]]></system-err>
  </testcase>
</testsuite>