<?xml version="1.0" encoding="UTF-8"?>
<testng-results ignored="0" total="4" passed="4" failed="0" skipped="0">
  <reporter-output>
  </reporter-output>
  <suite started-at="2025-03-06T17:54:32 IST" name="suite" finished-at="2025-03-06T17:55:01 IST" duration-ms="29575">
    <groups>
      <group name="Master">
        <method signature="TC_001AccountRegistrationTest.verify_account_registration()[pri:0, instance:testCases.TC_001AccountRegistrationTest@40dd3977]" name="verify_account_registration" class="testCases.TC_001AccountRegistrationTest"/>
        <method signature="TC_002LoginTest.verify_test()[pri:0, instance:testCases.TC_002LoginTest@6c6357f9]" name="verify_test" class="testCases.TC_002LoginTest"/>
        <method signature="TC_001AccountRegistrationTest.verify_account_registration()[pri:0, instance:testCases.TC_001AccountRegistrationTest@11acdc30]" name="verify_account_registration" class="testCases.TC_001AccountRegistrationTest"/>
        <method signature="TC_002LoginTest.verify_test()[pri:0, instance:testCases.TC_002LoginTest@770d4269]" name="verify_test" class="testCases.TC_002LoginTest"/>
      </group> <!-- Master -->
      <group name="Sanity">
        <method signature="TC_002LoginTest.verify_test()[pri:0, instance:testCases.TC_002LoginTest@6c6357f9]" name="verify_test" class="testCases.TC_002LoginTest"/>
        <method signature="TC_002LoginTest.verify_test()[pri:0, instance:testCases.TC_002LoginTest@770d4269]" name="verify_test" class="testCases.TC_002LoginTest"/>
      </group> <!-- Sanity -->
      <group name="Regression">
        <method signature="TC_001AccountRegistrationTest.verify_account_registration()[pri:0, instance:testCases.TC_001AccountRegistrationTest@40dd3977]" name="verify_account_registration" class="testCases.TC_001AccountRegistrationTest"/>
        <method signature="TC_001AccountRegistrationTest.verify_account_registration()[pri:0, instance:testCases.TC_001AccountRegistrationTest@11acdc30]" name="verify_account_registration" class="testCases.TC_001AccountRegistrationTest"/>
      </group> <!-- Regression -->
    </groups>
    <test started-at="2025-03-06T17:54:32 IST" name="Linux-Chrome" finished-at="2025-03-06T17:54:44 IST" duration-ms="12482">
      <class name="testCases.TC_001AccountRegistrationTest">
        <test-method is-config="true" signature="setup(java.lang.String,java.lang.String)[pri:0, instance:testCases.TC_001AccountRegistrationTest@40dd3977]" started-at="2025-03-06T17:54:32 IST" name="setup" finished-at="2025-03-06T17:54:35 IST" duration-ms="3323" status="PASS">
          <params>
            <param index="0">
              <value>
                <![CDATA[Linux]]>
              </value>
            </param>
            <param index="1">
              <value>
                <![CDATA[chrome]]>
              </value>
            </param>
          </params>
          <reporter-output>
          </reporter-output>
        </test-method> <!-- setup -->
        <test-method signature="verify_account_registration()[pri:0, instance:testCases.TC_001AccountRegistrationTest@40dd3977]" started-at="2025-03-06T17:54:35 IST" name="verify_account_registration" finished-at="2025-03-06T17:54:38 IST" duration-ms="2915" status="PASS">
          <reporter-output>
          </reporter-output>
        </test-method> <!-- verify_account_registration -->
        <test-method is-config="true" signature="tearDown()[pri:0, instance:testCases.TC_001AccountRegistrationTest@40dd3977]" started-at="2025-03-06T17:54:38 IST" name="tearDown" finished-at="2025-03-06T17:54:39 IST" duration-ms="772" status="PASS">
          <reporter-output>
          </reporter-output>
        </test-method> <!-- tearDown -->
      </class> <!-- testCases.TC_001AccountRegistrationTest -->
      <class name="testCases.TC_002LoginTest">
        <test-method is-config="true" signature="setup(java.lang.String,java.lang.String)[pri:0, instance:testCases.TC_002LoginTest@6c6357f9]" started-at="2025-03-06T17:54:39 IST" name="setup" finished-at="2025-03-06T17:54:41 IST" duration-ms="2660" status="PASS">
          <params>
            <param index="0">
              <value>
                <![CDATA[Linux]]>
              </value>
            </param>
            <param index="1">
              <value>
                <![CDATA[chrome]]>
              </value>
            </param>
          </params>
          <reporter-output>
          </reporter-output>
        </test-method> <!-- setup -->
        <test-method signature="verify_test()[pri:0, instance:testCases.TC_002LoginTest@6c6357f9]" started-at="2025-03-06T17:54:41 IST" name="verify_test" finished-at="2025-03-06T17:54:44 IST" duration-ms="2282" status="PASS">
          <reporter-output>
          </reporter-output>
        </test-method> <!-- verify_test -->
        <test-method is-config="true" signature="tearDown()[pri:0, instance:testCases.TC_002LoginTest@6c6357f9]" started-at="2025-03-06T17:54:44 IST" name="tearDown" finished-at="2025-03-06T17:54:44 IST" duration-ms="279" status="PASS">
          <reporter-output>
          </reporter-output>
        </test-method> <!-- tearDown -->
      </class> <!-- testCases.TC_002LoginTest -->
    </test> <!-- Linux-Chrome -->
    <test started-at="2025-03-06T17:54:45 IST" name="Linux-Firefox" finished-at="2025-03-06T17:55:01 IST" duration-ms="16348">
      <class name="testCases.TC_001AccountRegistrationTest">
        <test-method is-config="true" signature="setup(java.lang.String,java.lang.String)[pri:0, instance:testCases.TC_001AccountRegistrationTest@11acdc30]" started-at="2025-03-06T17:54:45 IST" name="setup" finished-at="2025-03-06T17:54:50 IST" duration-ms="5629" status="PASS">
          <params>
            <param index="0">
              <value>
                <![CDATA[Linux]]>
              </value>
            </param>
            <param index="1">
              <value>
                <![CDATA[firefox]]>
              </value>
            </param>
          </params>
          <reporter-output>
          </reporter-output>
        </test-method> <!-- setup -->
        <test-method signature="verify_account_registration()[pri:0, instance:testCases.TC_001AccountRegistrationTest@11acdc30]" started-at="2025-03-06T17:54:50 IST" name="verify_account_registration" finished-at="2025-03-06T17:54:53 IST" duration-ms="2200" status="PASS">
          <reporter-output>
          </reporter-output>
        </test-method> <!-- verify_account_registration -->
        <test-method is-config="true" signature="tearDown()[pri:0, instance:testCases.TC_001AccountRegistrationTest@11acdc30]" started-at="2025-03-06T17:54:53 IST" name="tearDown" finished-at="2025-03-06T17:54:53 IST" duration-ms="810" status="PASS">
          <reporter-output>
          </reporter-output>
        </test-method> <!-- tearDown -->
      </class> <!-- testCases.TC_001AccountRegistrationTest -->
      <class name="testCases.TC_002LoginTest">
        <test-method is-config="true" signature="setup(java.lang.String,java.lang.String)[pri:0, instance:testCases.TC_002LoginTest@770d4269]" started-at="2025-03-06T17:54:53 IST" name="setup" finished-at="2025-03-06T17:54:59 IST" duration-ms="5551" status="PASS">
          <params>
            <param index="0">
              <value>
                <![CDATA[Linux]]>
              </value>
            </param>
            <param index="1">
              <value>
                <![CDATA[firefox]]>
              </value>
            </param>
          </params>
          <reporter-output>
          </reporter-output>
        </test-method> <!-- setup -->
        <test-method signature="verify_test()[pri:0, instance:testCases.TC_002LoginTest@770d4269]" started-at="2025-03-06T17:54:59 IST" name="verify_test" finished-at="2025-03-06T17:55:00 IST" duration-ms="1360" status="PASS">
          <reporter-output>
          </reporter-output>
        </test-method> <!-- verify_test -->
        <test-method is-config="true" signature="tearDown()[pri:0, instance:testCases.TC_002LoginTest@770d4269]" started-at="2025-03-06T17:55:00 IST" name="tearDown" finished-at="2025-03-06T17:55:01 IST" duration-ms="787" status="PASS">
          <reporter-output>
          </reporter-output>
        </test-method> <!-- tearDown -->
      </class> <!-- testCases.TC_002LoginTest -->
    </test> <!-- Linux-Firefox -->
  </suite> <!-- suite -->
</testng-results>
